CRITICAL - 2025-05-13 05:32:41 --> ErrorException: include(header.php): Failed to open stream: No such file or directory
[Method: GET, Route: login]
in APPPATH\Views\login.php on line 12.
 1 APPPATH\Views\login.php(12): CodeIgniter\Debug\Exceptions->errorHandler(2, 'include(header.php): Failed to open stream: No such file or directory', 'C:\\xampp\\htdocs\\MilCamisetas\\app\\Views\\login.php', 12)
 2 APPPATH\Views\login.php(12): include()
 3 SYSTEMPATH\View\View.php(224): include('C:\\xampp\\htdocs\\MilCamisetas\\app\\Views\\login.php')
 4 SYSTEMPATH\View\View.php(227): CodeIgniter\View\View->CodeIgniter\View\{closure}()
 5 SYSTEMPATH\Common.php(1173): CodeIgniter\View\View->render('Views/login', [], true)
 6 APPPATH\Controllers\Home.php(46): view('Views/login')
 7 SYSTEMPATH\CodeIgniter.php(933): App\Controllers\Home->login()
 8 SYSTEMPATH\CodeIgniter.php(507): CodeIgniter\CodeIgniter->runController(Object(App\Controllers\Home))
 9 SYSTEMPATH\CodeIgniter.php(354): CodeIgniter\CodeIgniter->handleRequest(null, Object(Config\Cache), false)
10 SYSTEMPATH\Boot.php(334): CodeIgniter\CodeIgniter->run()
11 SYSTEMPATH\Boot.php(67): CodeIgniter\Boot::runCodeIgniter(Object(CodeIgniter\CodeIgniter))
12 FCPATH\index.php(56): CodeIgniter\Boot::bootWeb(Object(Config\Paths))
CRITICAL - 2025-05-13 05:32:41 --> ErrorException: include(header.php): Failed to open stream: No such file or directory
[Method: GET, Route: login]
in APPPATH\Views\login.php on line 12.
 1 APPPATH\Views\login.php(12): CodeIgniter\Debug\Exceptions->errorHandler(2, 'include(header.php): Failed to open stream: No such file or directory', 'C:\\xampp\\htdocs\\MilCamisetas\\app\\Views\\login.php', 12)
 2 APPPATH\Views\login.php(12): include()
 3 SYSTEMPATH\View\View.php(224): include('C:\\xampp\\htdocs\\MilCamisetas\\app\\Views\\login.php')
 4 SYSTEMPATH\View\View.php(227): CodeIgniter\View\View->CodeIgniter\View\{closure}()
 5 SYSTEMPATH\Common.php(1173): CodeIgniter\View\View->render('Views/login', [], true)
 6 APPPATH\Controllers\Home.php(46): view('Views/login')
 7 SYSTEMPATH\CodeIgniter.php(933): App\Controllers\Home->login()
 8 SYSTEMPATH\CodeIgniter.php(507): CodeIgniter\CodeIgniter->runController(Object(App\Controllers\Home))
 9 SYSTEMPATH\CodeIgniter.php(354): CodeIgniter\CodeIgniter->handleRequest(null, Object(Config\Cache), false)
10 SYSTEMPATH\Boot.php(334): CodeIgniter\CodeIgniter->run()
11 SYSTEMPATH\Boot.php(67): CodeIgniter\Boot::runCodeIgniter(Object(CodeIgniter\CodeIgniter))
12 FCPATH\index.php(56): CodeIgniter\Boot::bootWeb(Object(Config\Paths))
